  Source.cpp
C:\Users\msasd\OneDrive\Desktop\Vs Code\Semester 3\Data st\Assignment 1 [Final]\Header.h(55,25): warning C4244: '=': conversion from '_Tp' to 'int', possible loss of data
          with
          [
              _Tp=double
          ]
C:\Users\msasd\OneDrive\Desktop\Vs Code\Semester 3\Data st\Assignment 1 [Final]\Header.h(56,23): warning C4244: '=': conversion from '_Tp' to 'int', possible loss of data
          with
          [
              _Tp=double
          ]
C:\Users\msasd\OneDrive\Desktop\Vs Code\Semester 3\Data st\Assignment 1 [Final]\Header.h(57,23): warning C4244: '=': conversion from '_Tp' to 'int', possible loss of data
          with
          [
              _Tp=double
          ]
C:\Users\msasd\OneDrive\Desktop\Vs Code\Semester 3\Data st\Assignment 1 [Final]\Header.h(58,23): warning C4244: '=': conversion from '_Tp' to 'int', possible loss of data
          with
          [
              _Tp=double
          ]
C:\Users\msasd\OneDrive\Desktop\Vs Code\Semester 3\Data st\Assignment 1 [Final]\Header.h(219,12): warning C4244: 'argument': conversion from 'time_t' to 'unsigned int', possible loss of data
C:\Users\msasd\OneDrive\Desktop\Vs Code\Semester 3\Data st\Assignment 1 [Final]\Header.h(450,12): warning C4244: 'initializing': conversion from 'int' to 'float', possible loss of data
C:\Users\msasd\OneDrive\Desktop\Vs Code\Semester 3\Data st\Assignment 1 [Final]\Header.h(451,12): warning C4244: 'initializing': conversion from 'int' to 'float', possible loss of data
  Generating code
  2 of 89 functions ( 2.2%) were compiled, the rest were copied from previous compilation.
    0 functions were new in current compilation
    0 functions had inline decision re-evaluated but remain unchanged
  Finished generating code
  Assignment 1 [Final].vcxproj -> C:\Users\msasd\OneDrive\Desktop\Vs Code\Semester 3\Data st\Assignment 1 [Final]\x64\Release\Assignment 1 [Final].exe
